Traceback (most recent call last):
  File "/opt/hostedtoolcache/Python/3.11.11/x64/lib/python3.11/site-packages/jupyter_cache/executors/utils.py", line 58, in single_nb_execution
    executenb(
  File "/opt/hostedtoolcache/Python/3.11.11/x64/lib/python3.11/site-packages/nbclient/client.py", line 1319, in execute
    return NotebookClient(nb=nb, resources=resources, km=km, **kwargs).execute()
           ^^^^^^^^^^^^^^^^^^^^^^^^^^^^^^^^^^^^^^^^^^^^^^^^^^^^^^^^^^^^^^^^^^^^^
  File "/opt/hostedtoolcache/Python/3.11.11/x64/lib/python3.11/site-packages/jupyter_core/utils/__init__.py", line 165, in wrapped
    return loop.run_until_complete(inner)
           ^^^^^^^^^^^^^^^^^^^^^^^^^^^^^^
  File "/opt/hostedtoolcache/Python/3.11.11/x64/lib/python3.11/asyncio/base_events.py", line 654, in run_until_complete
    return future.result()
           ^^^^^^^^^^^^^^^
  File "/opt/hostedtoolcache/Python/3.11.11/x64/lib/python3.11/site-packages/nbclient/client.py", line 709, in async_execute
    await self.async_execute_cell(
  File "/opt/hostedtoolcache/Python/3.11.11/x64/lib/python3.11/site-packages/nbclient/client.py", line 1062, in async_execute_cell
    await self._check_raise_for_error(cell, cell_index, exec_reply)
  File "/opt/hostedtoolcache/Python/3.11.11/x64/lib/python3.11/site-packages/nbclient/client.py", line 918, in _check_raise_for_error
    raise CellExecutionError.from_cell_and_msg(cell, exec_reply_content)
nbclient.exceptions.CellExecutionError: An error occurred while executing the following cell:
------------------
m3b = linopy.Model()

time = problem3a.index

x_w = m3b.add_variables(lower=0,name="wind", coords=[time])
x_s = m3b.add_variables(lower=0,name="solar", coords=[time])
x_g = m3b.add_variables(lower=0,name="gas", coords=[time])
x_i = m3b.add_variables(lower=0,name="imports", coords=[time])

# Define constraints
m3b.add_constraints(x_w + x_s + x_g + x_i == problem2c["demand [MWh]"], name="energy_balance")
m3b.add_constraints(x_g <= gas, name="gas_cap")

m3b.add_constraints(x_w <= wind * problem2c["wind cf"], name="wind_cf")
m3b.add_constraints(x_s <= solar * problem2c["solar cf"], name="solar_cf")
m3b.add_constraints(x_i <= import_potential, name="import_cap")

# Optional:
m3b.add_constraints(x_w <= wind, name="wind_cap")
m3b.add_constraints(x_s <= solar, name="solar_cap")

# Objective
m3b.add_objective(cost_gas*x_g + import_prices.values*x_i, sense = "min")

# Solve
m3b.solve(solver_name="gurobi")
------------------


[0;31m---------------------------------------------------------------------------[0m
[0;31mAssertionError[0m                            Traceback (most recent call last)
Cell [0;32mIn[5], line 26[0m
[1;32m     23[0m m3b[38;5;241m.[39madd_objective(cost_gas[38;5;241m*[39mx_g [38;5;241m+[39m import_prices[38;5;241m.[39mvalues[38;5;241m*[39mx_i, sense [38;5;241m=[39m [38;5;124m"[39m[38;5;124mmin[39m[38;5;124m"[39m)
[1;32m     25[0m [38;5;66;03m# Solve[39;00m
[0;32m---> 26[0m [43mm3b[49m[38;5;241;43m.[39;49m[43msolve[49m[43m([49m[43msolver_name[49m[38;5;241;43m=[39;49m[38;5;124;43m"[39;49m[38;5;124;43mgurobi[39;49m[38;5;124;43m"[39;49m[43m)[49m

File [0;32m/opt/hostedtoolcache/Python/3.11.11/x64/lib/python3.11/site-packages/linopy/model.py:1112[0m, in [0;36mModel.solve[0;34m(self, solver_name, io_api, problem_fn, solution_fn, log_fn, basis_fn, warmstart_fn, keep_files, env, sanitize_zeros, sanitize_infinities, slice_size, remote, progress, **solver_options)[0m
[1;32m   1109[0m     solver_name [38;5;241m=[39m available_solvers[[38;5;241m0[39m]
[1;32m   1111[0m logger[38;5;241m.[39minfo([38;5;124mf[39m[38;5;124m"[39m[38;5;124m Solve problem using [39m[38;5;132;01m{[39;00msolver_name[38;5;241m.[39mtitle()[38;5;132;01m}[39;00m[38;5;124m solver[39m[38;5;124m"[39m)
[0;32m-> 1112[0m [38;5;28;01massert[39;00m solver_name [38;5;129;01min[39;00m available_solvers, [38;5;124mf[39m[38;5;124m"[39m[38;5;124mSolver [39m[38;5;132;01m{[39;00msolver_name[38;5;132;01m}[39;00m[38;5;124m not installed[39m[38;5;124m"[39m
[1;32m   1114[0m [38;5;66;03m# reset result[39;00m
[1;32m   1115[0m [38;5;28mself[39m[38;5;241m.[39mreset_solution()

[0;31mAssertionError[0m: Solver gurobi not installed

