Traceback (most recent call last):
  File "/opt/hostedtoolcache/Python/3.11.11/x64/lib/python3.11/site-packages/jupyter_cache/executors/utils.py", line 58, in single_nb_execution
    executenb(
  File "/opt/hostedtoolcache/Python/3.11.11/x64/lib/python3.11/site-packages/nbclient/client.py", line 1319, in execute
    return NotebookClient(nb=nb, resources=resources, km=km, **kwargs).execute()
           ^^^^^^^^^^^^^^^^^^^^^^^^^^^^^^^^^^^^^^^^^^^^^^^^^^^^^^^^^^^^^^^^^^^^^
  File "/opt/hostedtoolcache/Python/3.11.11/x64/lib/python3.11/site-packages/jupyter_core/utils/__init__.py", line 165, in wrapped
    return loop.run_until_complete(inner)
           ^^^^^^^^^^^^^^^^^^^^^^^^^^^^^^
  File "/opt/hostedtoolcache/Python/3.11.11/x64/lib/python3.11/asyncio/base_events.py", line 654, in run_until_complete
    return future.result()
           ^^^^^^^^^^^^^^^
  File "/opt/hostedtoolcache/Python/3.11.11/x64/lib/python3.11/site-packages/nbclient/client.py", line 709, in async_execute
    await self.async_execute_cell(
  File "/opt/hostedtoolcache/Python/3.11.11/x64/lib/python3.11/site-packages/nbclient/client.py", line 1062, in async_execute_cell
    await self._check_raise_for_error(cell, cell_index, exec_reply)
  File "/opt/hostedtoolcache/Python/3.11.11/x64/lib/python3.11/site-packages/nbclient/client.py", line 918, in _check_raise_for_error
    raise CellExecutionError.from_cell_and_msg(cell, exec_reply_content)
nbclient.exceptions.CellExecutionError: An error occurred while executing the following cell:
------------------
duration_heat = data_heat['2015':'2016']['DNK'].sort_values(ascending=False,ignore_index=True)
px.line(x=duration_heat.index,y=duration_heat.values,
        labels={'x':'Hours in year', 'y':'Demand [MW]'},
        title='Heating demand duration curve')
------------------


[0;31m---------------------------------------------------------------------------[0m
[0;31mNameError[0m                                 Traceback (most recent call last)
Cell [0;32mIn[42], line 2[0m
[1;32m      1[0m duration_heat [38;5;241m=[39m data_heat[[38;5;124m'[39m[38;5;124m2015[39m[38;5;124m'[39m:[38;5;124m'[39m[38;5;124m2016[39m[38;5;124m'[39m][[38;5;124m'[39m[38;5;124mDNK[39m[38;5;124m'[39m][38;5;241m.[39msort_values(ascending[38;5;241m=[39m[38;5;28;01mFalse[39;00m,ignore_index[38;5;241m=[39m[38;5;28;01mTrue[39;00m)
[0;32m----> 2[0m [43mpx[49m[38;5;241m.[39mline(x[38;5;241m=[39mduration_heat[38;5;241m.[39mindex,y[38;5;241m=[39mduration_heat[38;5;241m.[39mvalues,
[1;32m      3[0m         labels[38;5;241m=[39m{[38;5;124m'[39m[38;5;124mx[39m[38;5;124m'[39m:[38;5;124m'[39m[38;5;124mHours in year[39m[38;5;124m'[39m, [38;5;124m'[39m[38;5;124my[39m[38;5;124m'[39m:[38;5;124m'[39m[38;5;124mDemand [MW][39m[38;5;124m'[39m},
[1;32m      4[0m         title[38;5;241m=[39m[38;5;124m'[39m[38;5;124mHeating demand duration curve[39m[38;5;124m'[39m)

[0;31mNameError[0m: name 'px' is not defined

